{"level":"debug","message":"Provider Registered: Logger","timestamp":"2019-09-26T07:05:29.670Z"}
{"level":"debug","message":"Provider Registered: Helpers","timestamp":"2019-09-26T07:05:29.671Z"}
{"level":"debug","message":"Provider Registered: Route","timestamp":"2019-09-26T07:05:29.671Z"}
{"level":"debug","message":"Provider Registered: Response","timestamp":"2019-09-26T07:05:29.671Z"}
{"level":"debug","message":"Provider Registered: Validator","timestamp":"2019-09-26T07:05:29.671Z"}
{"level":"info","message":"serving app on http://127.0.0.1:3030","timestamp":"2019-09-26T07:05:29.675Z"}
{"level":"info","message":"<= 200 GET / [+6.075938 ms]","timestamp":"2019-09-26T07:05:33.944Z"}
{"level":"debug","message":"Provider Registered: Logger","timestamp":"2019-09-26T07:23:48.011Z"}
{"level":"debug","message":"Provider Registered: Helpers","timestamp":"2019-09-26T07:23:48.011Z"}
{"level":"debug","message":"Provider Registered: Route","timestamp":"2019-09-26T07:23:48.012Z"}
{"level":"debug","message":"Provider Registered: Response","timestamp":"2019-09-26T07:23:48.012Z"}
{"level":"debug","message":"Provider Registered: Validator","timestamp":"2019-09-26T07:23:48.012Z"}
{"level":"info","message":"serving app on http://127.0.0.1:3030","timestamp":"2019-09-26T07:23:48.015Z"}
{"level":"debug","message":"Provider Registered: Logger","timestamp":"2019-09-26T07:25:30.704Z"}
{"level":"debug","message":"Provider Registered: Helpers","timestamp":"2019-09-26T07:25:30.704Z"}
{"level":"debug","message":"Provider Registered: Route","timestamp":"2019-09-26T07:25:30.705Z"}
{"level":"debug","message":"Provider Registered: Response","timestamp":"2019-09-26T07:25:30.705Z"}
{"level":"debug","message":"Provider Registered: Validator","timestamp":"2019-09-26T07:25:30.705Z"}
{"level":"info","message":"serving app on http://127.0.0.1:3030","timestamp":"2019-09-26T07:25:30.709Z"}
{"level":"debug","message":"Provider Registered: Logger","timestamp":"2019-09-26T07:28:16.448Z"}
{"level":"debug","message":"Provider Registered: Helpers","timestamp":"2019-09-26T07:28:16.449Z"}
{"level":"debug","message":"Provider Registered: Route","timestamp":"2019-09-26T07:28:16.449Z"}
{"level":"debug","message":"Provider Registered: Response","timestamp":"2019-09-26T07:28:16.449Z"}
{"level":"debug","message":"Provider Registered: Validator","timestamp":"2019-09-26T07:28:16.449Z"}
{"level":"info","message":"serving app on http://127.0.0.1:3030","timestamp":"2019-09-26T07:28:16.454Z"}
{"level":"debug","message":"Provider Registered: Logger","timestamp":"2019-09-26T07:28:17.968Z"}
{"level":"debug","message":"Provider Registered: Helpers","timestamp":"2019-09-26T07:28:17.969Z"}
{"level":"debug","message":"Provider Registered: Route","timestamp":"2019-09-26T07:28:17.969Z"}
{"level":"debug","message":"Provider Registered: Response","timestamp":"2019-09-26T07:28:17.969Z"}
{"level":"debug","message":"Provider Registered: Validator","timestamp":"2019-09-26T07:28:17.969Z"}
{"level":"info","message":"serving app on http://127.0.0.1:3030","timestamp":"2019-09-26T07:28:17.973Z"}
{"level":"debug","message":"Provider Registered: Logger","timestamp":"2019-09-26T07:28:26.486Z"}
{"level":"debug","message":"Provider Registered: Helpers","timestamp":"2019-09-26T07:28:26.487Z"}
{"level":"debug","message":"Provider Registered: Route","timestamp":"2019-09-26T07:28:26.487Z"}
{"level":"debug","message":"Provider Registered: Response","timestamp":"2019-09-26T07:28:26.487Z"}
{"level":"debug","message":"Provider Registered: Validator","timestamp":"2019-09-26T07:28:26.488Z"}
{"level":"info","message":"serving app on http://127.0.0.1:3030","timestamp":"2019-09-26T07:28:26.491Z"}
{"level":"debug","message":"Provider Registered: Logger","timestamp":"2019-09-26T07:28:31.948Z"}
{"level":"debug","message":"Provider Registered: Helpers","timestamp":"2019-09-26T07:28:31.948Z"}
{"level":"debug","message":"Provider Registered: Route","timestamp":"2019-09-26T07:28:31.949Z"}
{"level":"debug","message":"Provider Registered: Response","timestamp":"2019-09-26T07:28:31.949Z"}
{"level":"debug","message":"Provider Registered: Validator","timestamp":"2019-09-26T07:28:31.949Z"}
{"level":"info","message":"serving app on http://127.0.0.1:3030","timestamp":"2019-09-26T07:28:31.953Z"}
{"level":"debug","message":"Provider Registered: Logger","timestamp":"2019-09-26T07:28:41.131Z"}
{"level":"debug","message":"Provider Registered: Helpers","timestamp":"2019-09-26T07:28:41.131Z"}
{"level":"debug","message":"Provider Registered: Route","timestamp":"2019-09-26T07:28:41.132Z"}
{"level":"debug","message":"Provider Registered: Response","timestamp":"2019-09-26T07:28:41.132Z"}
{"level":"debug","message":"Provider Registered: Validator","timestamp":"2019-09-26T07:28:41.132Z"}
{"level":"info","message":"serving app on http://127.0.0.1:3030","timestamp":"2019-09-26T07:28:41.138Z"}
{"level":"debug","message":"Provider Registered: Logger","timestamp":"2019-09-26T07:28:47.238Z"}
{"level":"debug","message":"Provider Registered: Helpers","timestamp":"2019-09-26T07:28:47.238Z"}
{"level":"debug","message":"Provider Registered: Route","timestamp":"2019-09-26T07:28:47.239Z"}
{"level":"debug","message":"Provider Registered: Response","timestamp":"2019-09-26T07:28:47.239Z"}
{"level":"debug","message":"Provider Registered: Validator","timestamp":"2019-09-26T07:28:47.239Z"}
{"level":"info","message":"serving app on http://127.0.0.1:3030","timestamp":"2019-09-26T07:28:47.243Z"}
{"level":"debug","message":"Provider Registered: Logger","timestamp":"2019-09-26T07:35:54.717Z"}
{"level":"debug","message":"Provider Registered: Helpers","timestamp":"2019-09-26T07:35:54.718Z"}
{"level":"debug","message":"Provider Registered: Route","timestamp":"2019-09-26T07:35:54.718Z"}
{"level":"debug","message":"Provider Registered: Response","timestamp":"2019-09-26T07:35:54.718Z"}
{"level":"debug","message":"Provider Registered: Validator","timestamp":"2019-09-26T07:35:54.719Z"}
{"level":"info","message":"serving app on http://127.0.0.1:3030","timestamp":"2019-09-26T07:35:54.722Z"}
{"level":"debug","message":"Provider Registered: Logger","timestamp":"2019-09-26T07:36:14.366Z"}
{"level":"debug","message":"Provider Registered: Helpers","timestamp":"2019-09-26T07:36:14.367Z"}
{"level":"debug","message":"Provider Registered: Route","timestamp":"2019-09-26T07:36:14.367Z"}
{"level":"debug","message":"Provider Registered: Response","timestamp":"2019-09-26T07:36:14.367Z"}
{"level":"debug","message":"Provider Registered: Validator","timestamp":"2019-09-26T07:36:14.367Z"}
{"level":"info","message":"serving app on http://127.0.0.1:3030","timestamp":"2019-09-26T07:36:14.371Z"}
{"level":"debug","message":"Provider Registered: Logger","timestamp":"2019-09-26T07:37:23.739Z"}
{"level":"debug","message":"Provider Registered: Helpers","timestamp":"2019-09-26T07:37:23.740Z"}
{"level":"debug","message":"Provider Registered: Route","timestamp":"2019-09-26T07:37:23.740Z"}
{"level":"debug","message":"Provider Registered: Response","timestamp":"2019-09-26T07:37:23.740Z"}
{"level":"debug","message":"Provider Registered: Validator","timestamp":"2019-09-26T07:37:23.740Z"}
{"level":"info","message":"serving app on http://127.0.0.1:3030","timestamp":"2019-09-26T07:37:23.743Z"}
{"level":"debug","message":"Provider Registered: Logger","timestamp":"2019-09-26T07:38:37.902Z"}
{"level":"debug","message":"Provider Registered: Helpers","timestamp":"2019-09-26T07:38:37.903Z"}
{"level":"debug","message":"Provider Registered: Route","timestamp":"2019-09-26T07:38:37.903Z"}
{"level":"debug","message":"Provider Registered: Response","timestamp":"2019-09-26T07:38:37.903Z"}
{"level":"debug","message":"Provider Registered: Validator","timestamp":"2019-09-26T07:38:37.903Z"}
{"level":"info","message":"serving app on http://127.0.0.1:3030","timestamp":"2019-09-26T07:38:37.906Z"}
{"level":"debug","message":"Provider Registered: Logger","timestamp":"2019-09-26T07:48:52.101Z"}
{"level":"debug","message":"Provider Registered: Helpers","timestamp":"2019-09-26T07:48:52.102Z"}
{"level":"debug","message":"Provider Registered: Route","timestamp":"2019-09-26T07:48:52.102Z"}
{"level":"debug","message":"Provider Registered: Response","timestamp":"2019-09-26T07:48:52.102Z"}
{"level":"debug","message":"Provider Registered: Validator","timestamp":"2019-09-26T07:48:52.103Z"}
{"level":"info","message":"serving app on http://127.0.0.1:3030","timestamp":"2019-09-26T07:48:52.106Z"}
{"level":"debug","message":"Provider Registered: Logger","timestamp":"2019-09-26T07:57:55.622Z"}
{"level":"debug","message":"Provider Registered: Helpers","timestamp":"2019-09-26T07:57:55.623Z"}
{"level":"debug","message":"Provider Registered: Route","timestamp":"2019-09-26T07:57:55.623Z"}
{"level":"debug","message":"Provider Registered: Response","timestamp":"2019-09-26T07:57:55.623Z"}
{"level":"debug","message":"Provider Registered: Validator","timestamp":"2019-09-26T07:57:55.623Z"}
{"level":"info","message":"serving app on http://127.0.0.1:3030","timestamp":"2019-09-26T07:57:55.626Z"}
{"level":"debug","message":"Provider Registered: Logger","timestamp":"2019-09-26T07:58:08.108Z"}
{"level":"debug","message":"Provider Registered: Helpers","timestamp":"2019-09-26T07:58:08.109Z"}
{"level":"debug","message":"Provider Registered: Route","timestamp":"2019-09-26T07:58:08.109Z"}
{"level":"debug","message":"Provider Registered: Response","timestamp":"2019-09-26T07:58:08.109Z"}
{"level":"debug","message":"Provider Registered: Validator","timestamp":"2019-09-26T07:58:08.110Z"}
{"level":"info","message":"serving app on http://127.0.0.1:3030","timestamp":"2019-09-26T07:58:08.113Z"}
{"level":"debug","message":"Provider Registered: Logger","timestamp":"2019-09-26T07:58:12.950Z"}
{"level":"debug","message":"Provider Registered: Helpers","timestamp":"2019-09-26T07:58:12.951Z"}
{"level":"debug","message":"Provider Registered: Route","timestamp":"2019-09-26T07:58:12.951Z"}
{"level":"debug","message":"Provider Registered: Response","timestamp":"2019-09-26T07:58:12.951Z"}
{"level":"debug","message":"Provider Registered: Validator","timestamp":"2019-09-26T07:58:12.951Z"}
{"level":"info","message":"serving app on http://127.0.0.1:3030","timestamp":"2019-09-26T07:58:12.955Z"}
{"level":"debug","message":"Provider Registered: Logger","timestamp":"2019-09-26T07:58:22.478Z"}
{"level":"debug","message":"Provider Registered: Helpers","timestamp":"2019-09-26T07:58:22.478Z"}
{"level":"debug","message":"Provider Registered: Route","timestamp":"2019-09-26T07:58:22.479Z"}
{"level":"debug","message":"Provider Registered: Response","timestamp":"2019-09-26T07:58:22.479Z"}
{"level":"debug","message":"Provider Registered: Validator","timestamp":"2019-09-26T07:58:22.479Z"}
{"level":"info","message":"serving app on http://127.0.0.1:3030","timestamp":"2019-09-26T07:58:22.482Z"}
{"level":"debug","message":"Provider Registered: Logger","timestamp":"2019-09-26T07:58:43.548Z"}
{"level":"debug","message":"Provider Registered: Helpers","timestamp":"2019-09-26T07:58:43.549Z"}
{"level":"debug","message":"Provider Registered: Route","timestamp":"2019-09-26T07:58:43.549Z"}
{"level":"debug","message":"Provider Registered: Response","timestamp":"2019-09-26T07:58:43.549Z"}
{"level":"debug","message":"Provider Registered: Validator","timestamp":"2019-09-26T07:58:43.550Z"}
{"level":"info","message":"serving app on http://127.0.0.1:3030","timestamp":"2019-09-26T07:58:43.554Z"}
{"level":"debug","message":"Provider Registered: Logger","timestamp":"2019-09-26T07:58:47.393Z"}
{"level":"debug","message":"Provider Registered: Helpers","timestamp":"2019-09-26T07:58:47.394Z"}
{"level":"debug","message":"Provider Registered: Route","timestamp":"2019-09-26T07:58:47.394Z"}
{"level":"debug","message":"Provider Registered: Response","timestamp":"2019-09-26T07:58:47.394Z"}
{"level":"debug","message":"Provider Registered: Validator","timestamp":"2019-09-26T07:58:47.395Z"}
{"level":"info","message":"serving app on http://127.0.0.1:3030","timestamp":"2019-09-26T07:58:47.400Z"}
{"level":"debug","message":"Provider Registered: Logger","timestamp":"2019-09-26T07:59:01.121Z"}
{"level":"debug","message":"Provider Registered: Helpers","timestamp":"2019-09-26T07:59:01.122Z"}
{"level":"debug","message":"Provider Registered: Route","timestamp":"2019-09-26T07:59:01.123Z"}
{"level":"debug","message":"Provider Registered: Response","timestamp":"2019-09-26T07:59:01.123Z"}
{"level":"debug","message":"Provider Registered: Validator","timestamp":"2019-09-26T07:59:01.123Z"}
{"level":"info","message":"serving app on http://127.0.0.1:3030","timestamp":"2019-09-26T07:59:01.128Z"}
{"level":"debug","message":"Provider Registered: Logger","timestamp":"2019-09-26T07:59:12.565Z"}
{"level":"debug","message":"Provider Registered: Helpers","timestamp":"2019-09-26T07:59:12.566Z"}
{"level":"debug","message":"Provider Registered: Route","timestamp":"2019-09-26T07:59:12.566Z"}
{"level":"debug","message":"Provider Registered: Response","timestamp":"2019-09-26T07:59:12.566Z"}
{"level":"debug","message":"Provider Registered: Validator","timestamp":"2019-09-26T07:59:12.566Z"}
{"level":"info","message":"serving app on http://127.0.0.1:3030","timestamp":"2019-09-26T07:59:12.569Z"}
{"level":"debug","message":"Provider Registered: Logger","timestamp":"2019-09-26T08:01:05.563Z"}
{"level":"debug","message":"Provider Registered: Helpers","timestamp":"2019-09-26T08:01:05.564Z"}
{"level":"debug","message":"Provider Registered: Route","timestamp":"2019-09-26T08:01:05.564Z"}
{"level":"debug","message":"Provider Registered: Response","timestamp":"2019-09-26T08:01:05.565Z"}
{"level":"debug","message":"Provider Registered: Validator","timestamp":"2019-09-26T08:01:05.565Z"}
{"level":"info","message":"serving app on http://127.0.0.1:3030","timestamp":"2019-09-26T08:01:05.568Z"}
{"level":"debug","message":"Provider Registered: Logger","timestamp":"2019-09-26T08:01:26.499Z"}
{"level":"debug","message":"Provider Registered: Helpers","timestamp":"2019-09-26T08:01:26.500Z"}
{"level":"debug","message":"Provider Registered: Route","timestamp":"2019-09-26T08:01:26.500Z"}
{"level":"debug","message":"Provider Registered: Response","timestamp":"2019-09-26T08:01:26.501Z"}
{"level":"debug","message":"Provider Registered: Validator","timestamp":"2019-09-26T08:01:26.501Z"}
{"level":"info","message":"serving app on http://127.0.0.1:3030","timestamp":"2019-09-26T08:01:26.504Z"}
{"level":"debug","message":"Provider Registered: Logger","timestamp":"2019-09-26T08:06:00.924Z"}
{"level":"debug","message":"Provider Registered: Helpers","timestamp":"2019-09-26T08:06:00.925Z"}
{"level":"debug","message":"Provider Registered: Route","timestamp":"2019-09-26T08:06:00.925Z"}
{"level":"debug","message":"Provider Registered: Response","timestamp":"2019-09-26T08:06:00.925Z"}
{"level":"debug","message":"Provider Registered: Validator","timestamp":"2019-09-26T08:06:00.925Z"}
{"level":"info","message":"serving app on http://127.0.0.1:3030","timestamp":"2019-09-26T08:06:00.929Z"}
{"level":"debug","message":"Provider Registered: Logger","timestamp":"2019-09-26T08:06:16.259Z"}
{"level":"debug","message":"Provider Registered: Helpers","timestamp":"2019-09-26T08:06:16.260Z"}
{"level":"debug","message":"Provider Registered: Route","timestamp":"2019-09-26T08:06:16.260Z"}
{"level":"debug","message":"Provider Registered: Response","timestamp":"2019-09-26T08:06:16.260Z"}
{"level":"debug","message":"Provider Registered: Validator","timestamp":"2019-09-26T08:06:16.260Z"}
{"level":"info","message":"serving app on http://127.0.0.1:3030","timestamp":"2019-09-26T08:06:16.263Z"}
{"level":"debug","message":"Provider Registered: Logger","timestamp":"2019-09-26T08:58:59.840Z"}
{"level":"debug","message":"Provider Registered: Helpers","timestamp":"2019-09-26T08:58:59.841Z"}
{"level":"debug","message":"Provider Registered: Route","timestamp":"2019-09-26T08:58:59.842Z"}
{"level":"debug","message":"Provider Registered: Response","timestamp":"2019-09-26T08:58:59.842Z"}
{"level":"debug","message":"Provider Registered: Validator","timestamp":"2019-09-26T08:58:59.842Z"}
{"level":"info","message":"serving app on http://127.0.0.1:3030","timestamp":"2019-09-26T08:58:59.845Z"}
{"level":"debug","message":"Provider Registered: Logger","timestamp":"2019-09-27T05:57:33.717Z"}
{"level":"debug","message":"Provider Registered: Helpers","timestamp":"2019-09-27T05:57:33.718Z"}
{"level":"debug","message":"Provider Registered: Route","timestamp":"2019-09-27T05:57:33.718Z"}
{"level":"debug","message":"Provider Registered: Response","timestamp":"2019-09-27T05:57:33.719Z"}
{"level":"debug","message":"Provider Registered: Validator","timestamp":"2019-09-27T05:57:33.719Z"}
{"level":"debug","message":"Provider Registered: Logger","timestamp":"2019-09-27T05:57:46.503Z"}
{"level":"debug","message":"Provider Registered: Helpers","timestamp":"2019-09-27T05:57:46.504Z"}
{"level":"debug","message":"Provider Registered: Route","timestamp":"2019-09-27T05:57:46.504Z"}
{"level":"debug","message":"Provider Registered: Response","timestamp":"2019-09-27T05:57:46.504Z"}
{"level":"debug","message":"Provider Registered: Validator","timestamp":"2019-09-27T05:57:46.504Z"}
{"level":"debug","message":"Provider Registered: Logger","timestamp":"2019-09-27T05:58:31.234Z"}
{"level":"debug","message":"Provider Registered: Helpers","timestamp":"2019-09-27T05:58:31.235Z"}
{"level":"debug","message":"Provider Registered: Route","timestamp":"2019-09-27T05:58:31.235Z"}
{"level":"debug","message":"Provider Registered: Response","timestamp":"2019-09-27T05:58:31.235Z"}
{"level":"debug","message":"Provider Registered: Validator","timestamp":"2019-09-27T05:58:31.236Z"}
{"level":"debug","message":"Provider Registered: Logger","timestamp":"2019-09-27T06:00:05.464Z"}
{"level":"debug","message":"Provider Registered: Helpers","timestamp":"2019-09-27T06:00:05.465Z"}
{"level":"debug","message":"Provider Registered: Route","timestamp":"2019-09-27T06:00:05.465Z"}
{"level":"debug","message":"Provider Registered: Response","timestamp":"2019-09-27T06:00:05.465Z"}
{"level":"debug","message":"Provider Registered: Validator","timestamp":"2019-09-27T06:00:05.465Z"}
{"level":"debug","message":"Provider Registered: Logger","timestamp":"2019-09-27T06:00:07.492Z"}
{"level":"debug","message":"Provider Registered: Helpers","timestamp":"2019-09-27T06:00:07.493Z"}
{"level":"debug","message":"Provider Registered: Route","timestamp":"2019-09-27T06:00:07.493Z"}
{"level":"debug","message":"Provider Registered: Response","timestamp":"2019-09-27T06:00:07.493Z"}
{"level":"debug","message":"Provider Registered: Validator","timestamp":"2019-09-27T06:00:07.494Z"}
{"level":"debug","message":"Provider Registered: Logger","timestamp":"2019-09-27T06:06:06.060Z"}
{"level":"debug","message":"Provider Registered: Helpers","timestamp":"2019-09-27T06:06:06.061Z"}
{"level":"debug","message":"Provider Registered: Route","timestamp":"2019-09-27T06:06:06.061Z"}
{"level":"debug","message":"Provider Registered: Response","timestamp":"2019-09-27T06:06:06.062Z"}
{"level":"debug","message":"Provider Registered: Validator","timestamp":"2019-09-27T06:06:06.062Z"}
{"level":"debug","message":"Provider Registered: Logger","timestamp":"2019-09-27T06:07:53.394Z"}
{"level":"debug","message":"Provider Registered: Helpers","timestamp":"2019-09-27T06:07:53.395Z"}
{"level":"debug","message":"Provider Registered: Route","timestamp":"2019-09-27T06:07:53.395Z"}
{"level":"debug","message":"Provider Registered: Response","timestamp":"2019-09-27T06:07:53.395Z"}
{"level":"debug","message":"Provider Registered: Validator","timestamp":"2019-09-27T06:07:53.395Z"}
{"level":"debug","message":"Provider Registered: Logger","timestamp":"2019-09-27T06:12:51.362Z"}
{"level":"debug","message":"Provider Registered: Helpers","timestamp":"2019-09-27T06:12:51.363Z"}
{"level":"debug","message":"Provider Registered: Route","timestamp":"2019-09-27T06:12:51.363Z"}
{"level":"debug","message":"Provider Registered: Response","timestamp":"2019-09-27T06:12:51.363Z"}
{"level":"debug","message":"Provider Registered: Validator","timestamp":"2019-09-27T06:12:51.363Z"}
{"level":"debug","message":"Provider Registered: Logger","timestamp":"2019-09-27T06:21:52.550Z"}
{"level":"debug","message":"Provider Registered: Helpers","timestamp":"2019-09-27T06:21:52.551Z"}
{"level":"debug","message":"Provider Registered: Route","timestamp":"2019-09-27T06:21:52.551Z"}
{"level":"debug","message":"Provider Registered: Response","timestamp":"2019-09-27T06:21:52.551Z"}
{"level":"debug","message":"Provider Registered: Validator","timestamp":"2019-09-27T06:21:52.552Z"}
{"level":"debug","message":"Provider Registered: Logger","timestamp":"2019-09-27T06:28:28.195Z"}
{"level":"debug","message":"Provider Registered: Helpers","timestamp":"2019-09-27T06:28:28.196Z"}
{"level":"debug","message":"Provider Registered: Route","timestamp":"2019-09-27T06:28:28.196Z"}
{"level":"debug","message":"Provider Registered: Response","timestamp":"2019-09-27T06:28:28.196Z"}
{"level":"debug","message":"Provider Registered: Validator","timestamp":"2019-09-27T06:28:28.197Z"}
{"level":"debug","message":"Provider Registered: Logger","timestamp":"2019-09-27T06:29:28.339Z"}
{"level":"debug","message":"Provider Registered: Helpers","timestamp":"2019-09-27T06:29:28.340Z"}
{"level":"debug","message":"Provider Registered: Route","timestamp":"2019-09-27T06:29:28.340Z"}
{"level":"debug","message":"Provider Registered: Response","timestamp":"2019-09-27T06:29:28.341Z"}
{"level":"debug","message":"Provider Registered: Validator","timestamp":"2019-09-27T06:29:28.341Z"}
{"level":"debug","message":"Provider Registered: Logger","timestamp":"2019-09-27T06:29:51.066Z"}
{"level":"debug","message":"Provider Registered: Helpers","timestamp":"2019-09-27T06:29:51.067Z"}
{"level":"debug","message":"Provider Registered: Route","timestamp":"2019-09-27T06:29:51.067Z"}
{"level":"debug","message":"Provider Registered: Response","timestamp":"2019-09-27T06:29:51.067Z"}
{"level":"debug","message":"Provider Registered: Validator","timestamp":"2019-09-27T06:29:51.068Z"}
{"level":"debug","message":"Provider Registered: Logger","timestamp":"2019-09-27T06:30:50.383Z"}
{"level":"debug","message":"Provider Registered: Helpers","timestamp":"2019-09-27T06:30:50.384Z"}
{"level":"debug","message":"Provider Registered: Route","timestamp":"2019-09-27T06:30:50.384Z"}
{"level":"debug","message":"Provider Registered: Response","timestamp":"2019-09-27T06:30:50.384Z"}
{"level":"debug","message":"Provider Registered: Validator","timestamp":"2019-09-27T06:30:50.384Z"}
{"level":"debug","message":"Provider Registered: Logger","timestamp":"2019-09-27T06:33:44.066Z"}
{"level":"debug","message":"Provider Registered: Helpers","timestamp":"2019-09-27T06:33:44.067Z"}
{"level":"debug","message":"Provider Registered: Route","timestamp":"2019-09-27T06:33:44.067Z"}
{"level":"debug","message":"Provider Registered: Response","timestamp":"2019-09-27T06:33:44.068Z"}
{"level":"debug","message":"Provider Registered: Validator","timestamp":"2019-09-27T06:33:44.068Z"}
{"level":"debug","message":"Provider Registered: Logger","timestamp":"2019-09-27T06:33:56.103Z"}
{"level":"debug","message":"Provider Registered: Helpers","timestamp":"2019-09-27T06:33:56.104Z"}
{"level":"debug","message":"Provider Registered: Route","timestamp":"2019-09-27T06:33:56.104Z"}
{"level":"debug","message":"Provider Registered: Response","timestamp":"2019-09-27T06:33:56.105Z"}
{"level":"debug","message":"Provider Registered: Validator","timestamp":"2019-09-27T06:33:56.105Z"}
{"level":"debug","message":"Provider Registered: Logger","timestamp":"2019-09-27T06:34:42.652Z"}
{"level":"debug","message":"Provider Registered: Helpers","timestamp":"2019-09-27T06:34:42.653Z"}
{"level":"debug","message":"Provider Registered: Route","timestamp":"2019-09-27T06:34:42.653Z"}
{"level":"debug","message":"Provider Registered: Response","timestamp":"2019-09-27T06:34:42.653Z"}
{"level":"debug","message":"Provider Registered: Validator","timestamp":"2019-09-27T06:34:42.653Z"}
{"level":"debug","message":"Provider Registered: Logger","timestamp":"2019-09-27T06:34:58.381Z"}
{"level":"debug","message":"Provider Registered: Helpers","timestamp":"2019-09-27T06:34:58.382Z"}
{"level":"debug","message":"Provider Registered: Route","timestamp":"2019-09-27T06:34:58.382Z"}
{"level":"debug","message":"Provider Registered: Response","timestamp":"2019-09-27T06:34:58.382Z"}
{"level":"debug","message":"Provider Registered: Validator","timestamp":"2019-09-27T06:34:58.383Z"}
{"level":"debug","message":"Provider Registered: Logger","timestamp":"2019-09-27T06:35:25.343Z"}
{"level":"debug","message":"Provider Registered: Helpers","timestamp":"2019-09-27T06:35:25.344Z"}
{"level":"debug","message":"Provider Registered: Route","timestamp":"2019-09-27T06:35:25.344Z"}
{"level":"debug","message":"Provider Registered: Response","timestamp":"2019-09-27T06:35:25.344Z"}
{"level":"debug","message":"Provider Registered: Validator","timestamp":"2019-09-27T06:35:25.345Z"}
{"level":"debug","message":"Provider Registered: Logger","timestamp":"2019-09-27T06:37:08.171Z"}
{"level":"debug","message":"Provider Registered: Helpers","timestamp":"2019-09-27T06:37:08.172Z"}
{"level":"debug","message":"Provider Registered: Route","timestamp":"2019-09-27T06:37:08.172Z"}
{"level":"debug","message":"Provider Registered: Response","timestamp":"2019-09-27T06:37:08.172Z"}
{"level":"debug","message":"Provider Registered: Validator","timestamp":"2019-09-27T06:37:08.173Z"}
{"level":"debug","message":"Provider Registered: Logger","timestamp":"2019-09-27T06:38:52.246Z"}
{"level":"debug","message":"Provider Registered: Helpers","timestamp":"2019-09-27T06:38:52.247Z"}
{"level":"debug","message":"Provider Registered: Route","timestamp":"2019-09-27T06:38:52.247Z"}
{"level":"debug","message":"Provider Registered: Response","timestamp":"2019-09-27T06:38:52.247Z"}
{"level":"debug","message":"Provider Registered: Validator","timestamp":"2019-09-27T06:38:52.247Z"}
{"level":"debug","message":"Provider Registered: Logger","timestamp":"2019-09-27T07:33:36.665Z"}
{"level":"debug","message":"Provider Registered: Helpers","timestamp":"2019-09-27T07:33:36.666Z"}
{"level":"debug","message":"Provider Registered: Route","timestamp":"2019-09-27T07:33:36.666Z"}
{"level":"debug","message":"Provider Registered: Response","timestamp":"2019-09-27T07:33:36.666Z"}
{"level":"debug","message":"Provider Registered: Validator","timestamp":"2019-09-27T07:33:36.666Z"}
{"level":"info","message":"serving app on http://127.0.0.1:3000","timestamp":"2019-09-27T07:33:36.672Z"}
{"level":"info","message":"<= 200 GET / [+5.262604 ms]","timestamp":"2019-09-27T07:33:40.774Z"}
{"level":"info","message":"<= 200 GET / [+0.649811 ms]","timestamp":"2019-09-27T07:33:40.912Z"}
